<?xml version="1.0" encoding="UTF-8"?>
<!-- Generated by org.testng.reporters.JUnitReportReporter -->
<testsuite hostname="IN-LT71660" name="com.inetbanking.testCases.TC_LoginTest_001" tests="1" failures="0" timestamp="24 Jul 2021 09:48:09 GMT" time="2.278" errors="0">
  <testcase name="loginTest" time="2.278" classname="com.inetbanking.testCases.TC_LoginTest_001"/>
</testsuite> <!-- com.inetbanking.testCases.TC_LoginTest_001 -->
