<?xml version="1.0" encoding="UTF-8"?>
<!-- Generated by org.testng.reporters.JUnitReportReporter -->
<testsuite hostname="IN-LT71660" name="com.inetbanking.testCases.TC_AddCustomer_003" tests="1" failures="0" timestamp="23 May 2021 14:46:51 GMT" time="23.889" errors="0">
  <testcase name="addNewCustomer" time="23.889" classname="com.inetbanking.testCases.TC_AddCustomer_003"/>
</testsuite> <!-- com.inetbanking.testCases.TC_AddCustomer_003 -->
