<?xml version="1.0" encoding="UTF-8"?>
<!-- Generated by org.testng.reporters.JUnitReportReporter -->
<testsuite hostname="IN-LT71660" name="com.inetbanking.testCases.TC_LoginTest_001" tests="1" failures="0" timestamp="23 May 2021 14:51:18 GMT" time="4.407" errors="0">
  <testcase name="loginTest" time="4.407" classname="com.inetbanking.testCases.TC_LoginTest_001"/>
</testsuite> <!-- com.inetbanking.testCases.TC_LoginTest_001 -->
