<?xml version="1.0" encoding="UTF-8"?>
<!-- Generated by org.testng.reporters.JUnitReportReporter -->
<testsuite skipped="0" hostname="IN-LT71660" name="com.inetbanking.testCases.TC_LoginTest_001" tests="1" failures="0" timestamp="2021-06-13T13:33:30 IST" time="2.502" errors="0">
  <testcase name="loginTest" time="2.502" classname="com.inetbanking.testCases.TC_LoginTest_001"/>
  <system-out/>
</testsuite> <!-- com.inetbanking.testCases.TC_LoginTest_001 -->
