<?xml version="1.0" encoding="UTF-8"?>
<!-- Generated by org.testng.reporters.JUnitReportReporter -->
<testsuite skipped="0" hostname="IN-LT71660" name="com.inetbanking.testCases.TC_AddCustomer_003" tests="1" failures="0" timestamp="2021-07-11T09:56:58 IST" time="14.559" errors="0">
  <testcase name="addNewCustomer" time="14.559" classname="com.inetbanking.testCases.TC_AddCustomer_003"/>
  <system-out/>
</testsuite> <!-- com.inetbanking.testCases.TC_AddCustomer_003 -->
